<?xml version="1.0" encoding="UTF-8"?>
<!-- Generated by org.testng.reporters.JUnitXMLReporter -->
<testsuite hostname="ACURUS111" name="Test" tests="1" failures="1" timestamp="27 Mar 2019 10:02:06 GMT" time="10.097" errors="0">
  <testcase name="CLick_DcpReport" time="6.114" classname="Dcp_reportClick.Dcp_Report_Download">
    <failure type="org.openqa.selenium.NoSuchElementException" message="Cannot locate option with index: 7
For documentation on this error, please visit: http://seleniumhq.org/exceptions/no_such_element.html
Build info: version: &amp;apos;2.53.1&amp;apos;, revision: &amp;apos;a36b8b1cd5757287168e54b817830adce9b0158d&amp;apos;, time: &amp;apos;2016-06-30 19:26:09&amp;apos;
System info: host: &amp;apos;ACURUS111&amp;apos;, ip: &amp;apos;172.18.1.102&amp;apos;, os.name: &amp;apos;Windows 7&amp;apos;, os.arch: &amp;apos;x86&amp;apos;, os.version: &amp;apos;6.1&amp;apos;, java.version: &amp;apos;1.8.0_40&amp;apos;
Driver info: driver.version: unknown">
      <![CDATA[org.openqa.selenium.NoSuchElementException: Cannot locate option with index: 7
For documentation on this error, please visit: http://seleniumhq.org/exceptions/no_such_element.html
Build info: version: '2.53.1', revision: 'a36b8b1cd5757287168e54b817830adce9b0158d', time: '2016-06-30 19:26:09'
System info: host: 'ACURUS111', ip: '172.18.1.102', os.name: 'Windows 7', os.arch: 'x86', os.version: '6.1', java.version: '1.8.0_40'
Driver info: driver.version: unknown
	at org.openqa.selenium.support.ui.Select.selectByIndex(Select.java:182)
	at Dcp_reportClick.Dcp_Report_Download.CLick_DcpReport(Dcp_Report_Download.java:52)
... Removed 24 stack frames]]>
    </failure>
  </testcase> <!-- CLick_DcpReport -->
</testsuite> <!-- Test -->
